<?xml version="1.0" encoding="UTF-8"?>
<!-- Generated by org.testng.reporters.JUnitXMLReporter -->
<testsuite ignored="0" hostname="Nardeli-PC" failures="0" tests="1" name="cross browser-test-Edge" time="3.848" errors="0" timestamp="26 Dec. 2021 04:15:35 GMT">
  <testcase classname="testNG.crossBrowser" name="@BeforeTest setup" time="3.776">
    <failure type="org.openqa.selenium.SessionNotCreatedException" message="session not created: This version of MSEdgeDriver only supports MSEdge version 90
Current browser version is 96.0.1054.62 with binary path C:\Program Files (x86)\Microsoft\Edge\Application\msedge.exe
Build info: version: &amp;apos;3.141.59&amp;apos;, revision: &amp;apos;e82be7d358&amp;apos;, time: &amp;apos;2018-11-14T08:25:48&amp;apos;
System info: host: &amp;apos;NARDELI-PC&amp;apos;, ip: &amp;apos;10.0.0.10&amp;apos;, os.name: &amp;apos;Windows 7&amp;apos;, os.arch: &amp;apos;amd64&amp;apos;, os.version: &amp;apos;6.1&amp;apos;, java.version: &amp;apos;15.0.2&amp;apos;
Driver info: driver.version: EdgeDriver
remote stacktrace: Backtrace:
	Ordinal0 [0x000000013FA85CB2+4676786]
	Ordinal0 [0x000000013F72D677+1169015]
	Ordinal0 [0x000000013F75631A+1336090]
	Ordinal0 [0x000000013F752544+1320260]
	Ordinal0 [0x000000013F74BE29+1293865]
	Ordinal0 [0x000000013F78373B+1521467]
	Ordinal0 [0x000000013F77F2BF+1503935]
	Ordinal0 [0x000000013F758061+1343585]
	Ordinal0 [0x000000013F75918B+1347979]
	Ordinal0 [0x000000013F800121+2031905]
	Ordinal0 [0x000000013F7CC73E+1820478]
	Ordinal0 [0x000000013F9A3224+3748388]
	Ordinal0 [0x000000013F7CD10E+1822990]
	Ordinal0 [0x000000013FA98874+4753524]
	Ordinal0 [0x000000013FA98174+4751732]
	Ordinal0 [0x000000013FA97FBA+4751290]
	Ordinal0 [0x000000013FA6FFD8+4587480]
	BaseThreadInitThunk [0x00000000779F556D+13]
	RtlUserThreadStart [0x0000000077C5372D+29]
">
      <![CDATA[org.openqa.selenium.SessionNotCreatedException: session not created: This version of MSEdgeDriver only supports MSEdge version 90
Current browser version is 96.0.1054.62 with binary path C:\Program Files (x86)\Microsoft\Edge\Application\msedge.exe
Build info: version: '3.141.59', revision: 'e82be7d358', time: '2018-11-14T08:25:48'
System info: host: 'NARDELI-PC', ip: '10.0.0.10', os.name: 'Windows 7', os.arch: 'amd64', os.version: '6.1', java.version: '15.0.2'
Driver info: driver.version: EdgeDriver
remote stacktrace: Backtrace:
Ordinal0 [0x000000013FA85CB2+4676786]
Ordinal0 [0x000000013F72D677+1169015]
Ordinal0 [0x000000013F75631A+1336090]
Ordinal0 [0x000000013F752544+1320260]
Ordinal0 [0x000000013F74BE29+1293865]
Ordinal0 [0x000000013F78373B+1521467]
Ordinal0 [0x000000013F77F2BF+1503935]
Ordinal0 [0x000000013F758061+1343585]
Ordinal0 [0x000000013F75918B+1347979]
Ordinal0 [0x000000013F800121+2031905]
Ordinal0 [0x000000013F7CC73E+1820478]
Ordinal0 [0x000000013F9A3224+3748388]
Ordinal0 [0x000000013F7CD10E+1822990]
Ordinal0 [0x000000013FA98874+4753524]
Ordinal0 [0x000000013FA98174+4751732]
Ordinal0 [0x000000013FA97FBA+4751290]
Ordinal0 [0x000000013FA6FFD8+4587480]
BaseThreadInitThunk [0x00000000779F556D+13]
RtlUserThreadStart [0x0000000077C5372D+29]

at org.openqa.selenium.remote.W3CHandshakeResponse.lambda$errorHandler$0(W3CHandshakeResponse.java:62)
at org.openqa.selenium.remote.HandshakeResponse.lambda$getResponseFunction$0(HandshakeResponse.java:30)
at org.openqa.selenium.remote.ProtocolHandshake.lambda$createSession$0(ProtocolHandshake.java:126)
at java.base/java.util.stream.ReferencePipeline$3$1.accept(ReferencePipeline.java:195)
at java.base/java.util.Spliterators$ArraySpliterator.tryAdvance(Spliterators.java:958)
at java.base/java.util.stream.ReferencePipeline.forEachWithCancel(ReferencePipeline.java:127)
at java.base/java.util.stream.AbstractPipeline.copyIntoWithCancel(AbstractPipeline.java:502)
at java.base/java.util.stream.AbstractPipeline.copyInto(AbstractPipeline.java:488)
at java.base/java.util.stream.AbstractPipeline.wrapAndCopyInto(AbstractPipeline.java:474)
at java.base/java.util.stream.FindOps$FindOp.evaluateSequential(FindOps.java:150)
at java.base/java.util.stream.AbstractPipeline.evaluate(AbstractPipeline.java:234)
at java.base/java.util.stream.ReferencePipeline.findFirst(ReferencePipeline.java:543)
at org.openqa.selenium.remote.ProtocolHandshake.createSession(ProtocolHandshake.java:128)
at org.openqa.selenium.remote.ProtocolHandshake.createSession(ProtocolHandshake.java:74)
at org.openqa.selenium.remote.HttpCommandExecutor.execute(HttpCommandExecutor.java:136)
at org.openqa.selenium.remote.service.DriverCommandExecutor.execute(DriverCommandExecutor.java:83)
at org.openqa.selenium.remote.RemoteWebDriver.execute(RemoteWebDriver.java:552)
at org.openqa.selenium.remote.RemoteWebDriver.startSession(RemoteWebDriver.java:213)
at org.openqa.selenium.remote.RemoteWebDriver.<init>(RemoteWebDriver.java:131)
at org.openqa.selenium.edge.EdgeDriver.<init>(EdgeDriver.java:141)
at org.openqa.selenium.edge.EdgeDriver.<init>(EdgeDriver.java:96)
at testNG.crossBrowser.setup(crossBrowser.java:28)
... Removed 29 stack frames]]>
    </failure>
  </testcase> <!-- @BeforeTest setup -->
  <testcase classname="testNG.crossBrowser" name="sucessfulLogin" time="0.0">
    <skipped/>
  </testcase> <!-- sucessfulLogin -->
</testsuite> <!-- cross browser-test-Edge -->
