<?xml version="1.0" encoding="UTF-8"?>
<!-- Generated by org.testng.reporters.JUnitXMLReporter -->
<testsuite ignored="1" hostname="Nardeli-PC" failures="0" tests="2" name="Method Test Cases" time="20.331" errors="0" timestamp="05 May 2021 23:20:45 GMT">
  <testcase classname="testNG.dataProvider" name="unsucessfulLogin2" time="3.26"/>
  <testcase classname="testNG.dataProvider" name="unsucessfulLogin2" time="3.236"/>
  <testcase classname="testNG.dataProvider" name="unsucessfulLogin1" time="0.0">
    <ignored/>
  </testcase> <!-- unsucessfulLogin1 -->
</testsuite> <!-- Method Test Cases -->
