<?xml version="1.0" encoding="UTF-8"?>
<!-- Generated by org.testng.reporters.JUnitXMLReporter -->
<testsuite ignored="0" hostname="Nardeli-PC" failures="0" tests="4" name="testNgGroups" time="16.296" errors="0" timestamp="23 Apr. 2021 00:55:22 GMT">
  <testcase classname="testNG.instagramTestNG" name="method2" time="1.119"/>
  <testcase classname="testNG.instagramTestNG" name="method3" time="0.237"/>
  <testcase classname="testNG.facebookTestNG" name="method2" time="0.436"/>
  <testcase classname="testNG.facebookTestNG" name="method3" time="0.188"/>
</testsuite> <!-- testNgGroups -->
