<?xml version="1.0" encoding="UTF-8"?>
<!-- Generated by org.testng.reporters.JUnitXMLReporter -->
<testsuite ignored="0" hostname="Nardeli-PC" failures="0" tests="3" name="testSuite2" time="48.649" errors="0" timestamp="23 Apr. 2021 01:09:23 GMT">
  <testcase classname="testNG.parallelDemo2" name="method2" time="10.791"/>
  <testcase classname="testNG.parallelDemo2" name="method1" time="12.667"/>
  <testcase classname="testNG.parallelDemo2" name="method3" time="48.611"/>
</testsuite> <!-- testSuite2 -->
